Flow report for standard_deviation_top
Tue Mar 22 14:20:49 2016
Quartus Prime Version 15.1.0 Build 185 10/21/2015 SJ Lite Edition


---------------------
; Table of Contents ;
---------------------
  1. Legal Notice
  2. Flow Summary
  3. Flow Settings
  4. Flow Non-Default Global Settings
  5. Flow Elapsed Time
  6. Flow OS Summary
  7. Flow Log
  8. Flow Messages
  9. Flow Suppressed Messages



----------------
; Legal Notice ;
----------------
Copyright (C) 1991-2015 Altera Corporation. All rights reserved.
Your use of Altera Corporation's design tools, logic functions 
and other software and tools, and its AMPP partner logic 
functions, and any output files from any of the foregoing 
(including device programming or simulation files), and any 
associated documentation or information are expressly subject 
to the terms and conditions of the Altera Program License 
Subscription Agreement, the Altera Quartus Prime License Agreement,
the Altera MegaCore Function License Agreement, or other 
applicable license agreement, including, without limitation, 
that your use is for the sole purpose of programming logic 
devices manufactured by Altera and sold by Altera or its 
authorized distributors.  Please refer to the applicable 
agreement for further details.



+-------------------------------------------------------------------------------+
; Flow Summary                                                                  ;
+---------------------------------+---------------------------------------------+
; Flow Status                     ; Successful - Tue Mar 22 14:20:37 2016       ;
; Quartus Prime Version           ; 15.1.0 Build 185 10/21/2015 SJ Lite Edition ;
; Revision Name                   ; standard_deviation_top                      ;
; Top-level Entity Name           ; standard_deviation_top                      ;
; Family                          ; Cyclone V                                   ;
; Device                          ; 5CGXFC5C6F27C7                              ;
; Timing Models                   ; Final                                       ;
; Logic utilization (in ALMs)     ; 1 / 29,080 ( < 1 % )                        ;
; Total registers                 ; 0                                           ;
; Total pins                      ; 4 / 364 ( 1 % )                             ;
; Total virtual pins              ; 0                                           ;
; Total block memory bits         ; 0 / 4,567,040 ( 0 % )                       ;
; Total DSP Blocks                ; 0 / 150 ( 0 % )                             ;
; Total HSSI RX PCSs              ; 0 / 6 ( 0 % )                               ;
; Total HSSI PMA RX Deserializers ; 0 / 6 ( 0 % )                               ;
; Total HSSI TX PCSs              ; 0 / 6 ( 0 % )                               ;
; Total HSSI PMA TX Serializers   ; 0 / 6 ( 0 % )                               ;
; Total PLLs                      ; 0 / 12 ( 0 % )                              ;
; Total DLLs                      ; 0 / 4 ( 0 % )                               ;
+---------------------------------+---------------------------------------------+


+--------------------------------------------+
; Flow Settings                              ;
+-------------------+------------------------+
; Option            ; Setting                ;
+-------------------+------------------------+
; Start date & time ; 03/22/2016 14:19:21    ;
; Main task         ; Compilation            ;
; Revision Name     ; standard_deviation_top ;
+-------------------+------------------------+


+------------------------------------------------------------------------------------------------------------------+
; Flow Non-Default Global Settings                                                                                 ;
+-------------------------------------+---------------------------------+---------------+-------------+------------+
; Assignment Name                     ; Value                           ; Default Value ; Entity Name ; Section Id ;
+-------------------------------------+---------------------------------+---------------+-------------+------------+
; COMPILER_SIGNATURE_ID               ; 220964048167684.145865636010028 ; --            ; --          ; --         ;
; MAX_CORE_JUNCTION_TEMP              ; 85                              ; --            ; --          ; --         ;
; MIN_CORE_JUNCTION_TEMP              ; 0                               ; --            ; --          ; --         ;
; MISC_FILE                           ; sqrt.bsf                        ; --            ; --          ; --         ;
; MISC_FILE                           ; sqrt_inst.v                     ; --            ; --          ; --         ;
; MISC_FILE                           ; sqrt_bb.v                       ; --            ; --          ; --         ;
; MISC_FILE                           ; sqrt.inc                        ; --            ; --          ; --         ;
; MISC_FILE                           ; sqrt.cmp                        ; --            ; --          ; --         ;
; PARTITION_COLOR                     ; 16764057                        ; --            ; --          ; Top        ;
; PARTITION_FITTER_PRESERVATION_LEVEL ; PLACEMENT_AND_ROUTING           ; --            ; --          ; Top        ;
; PARTITION_NETLIST_TYPE              ; SOURCE                          ; --            ; --          ; Top        ;
; PROJECT_OUTPUT_DIRECTORY            ; output_files                    ; --            ; --          ; --         ;
+-------------------------------------+---------------------------------+---------------+-------------+------------+


+-------------------------------------------------------------------------------------------------------------------------------+
; Flow Elapsed Time                                                                                                             ;
+---------------------------+--------------+-------------------------+---------------------+------------------------------------+
; Module Name               ; Elapsed Time ; Average Processors Used ; Peak Virtual Memory ; Total CPU Time (on all processors) ;
+---------------------------+--------------+-------------------------+---------------------+------------------------------------+
; Analysis & Synthesis      ; 00:00:15     ; 1.0                     ; 857 MB              ; 00:00:36                           ;
; Fitter                    ; 00:00:39     ; 1.0                     ; 1951 MB             ; 00:00:40                           ;
; Assembler                 ; 00:00:11     ; 1.0                     ; 868 MB              ; 00:00:10                           ;
; TimeQuest Timing Analyzer ; 00:00:07     ; 1.0                     ; 1084 MB             ; 00:00:06                           ;
; Total                     ; 00:01:12     ; --                      ; --                  ; 00:01:32                           ;
+---------------------------+--------------+-------------------------+---------------------+------------------------------------+


+----------------------------------------------------------------------------------------+
; Flow OS Summary                                                                        ;
+---------------------------+------------------+-----------+------------+----------------+
; Module Name               ; Machine Hostname ; OS Name   ; OS Version ; Processor type ;
+---------------------------+------------------+-----------+------------+----------------+
; Analysis & Synthesis      ; DESKTOP-16A79IK  ; Windows 8 ; 6.2        ; x86_64         ;
; Fitter                    ; DESKTOP-16A79IK  ; Windows 8 ; 6.2        ; x86_64         ;
; Assembler                 ; DESKTOP-16A79IK  ; Windows 8 ; 6.2        ; x86_64         ;
; TimeQuest Timing Analyzer ; DESKTOP-16A79IK  ; Windows 8 ; 6.2        ; x86_64         ;
+---------------------------+------------------+-----------+------------+----------------+


------------
; Flow Log ;
------------
quartus_map --read_settings_files=on --write_settings_files=off standard_deviation -c standard_deviation_top
quartus_fit --read_settings_files=off --write_settings_files=off standard_deviation -c standard_deviation_top
quartus_asm --read_settings_files=off --write_settings_files=off standard_deviation -c standard_deviation_top
quartus_sta standard_deviation -c standard_deviation_top



